00:55 [main] DEBUG o.s.w.c.s.StandardServletEnvironment - Adding [servletConfigInitParams] PropertySource with lowest search precedence 
00:55 [main] DEBUG o.s.w.c.s.StandardServletEnvironment - Adding [servletContextInitParams] PropertySource with lowest search precedence 
00:55 [main] DEBUG o.s.w.c.s.StandardServletEnvironment - Adding [systemProperties] PropertySource with lowest search precedence 
00:55 [main] DEBUG o.s.w.c.s.StandardServletEnvironment - Adding [systemEnvironment] PropertySource with lowest search precedence 
00:55 [main] DEBUG o.s.w.c.s.StandardServletEnvironment - Initialized StandardServletEnvironment with PropertySources [servletConfigInitParams,servletContextInitParams,systemProperties,systemEnvironment] 
00:55 [main] INFO  com.conch.ConchServerApplication - Starting ConchServerApplication on hyunui-MacBook-Pro.local with PID 763 (/Users/hyunsukim/git/ConchServer/target/classes started by hyunsukim in /Users/hyunsukim/git/ConchServer) 
00:55 [main] DEBUG com.conch.ConchServerApplication - Running with Spring Boot v1.2.3.RELEASE, Spring v4.1.6.RELEASE 
00:55 [main] INFO  o.s.b.c.e.AnnotationConfigEmbeddedWebApplicationContext - Refreshing org.springframework.boot.context.embedded.AnnotationConfigEmbeddedWebApplicationContext@7ea37dbf: startup date [Sat Jun 06 00:55:20 PDT 2015]; root of context hierarchy 
00:55 [main] INFO  o.s.b.f.s.DefaultListableBeanFactory - Overriding bean definition for bean 'beanNameViewResolver': replacing [Root bean: class [null]; scope=; abstract=false; lazyInit=false; autowireMode=3; dependencyCheck=0; autowireCandidate=true; primary=false; factoryBeanName=org.springframework.boot.autoconfigure.web.ErrorMvcAutoConfiguration$WhitelabelErrorViewConfiguration; factoryMethodName=beanNameViewResolver; initMethodName=null; destroyMethodName=(inferred); defined in class path resource [org/springframework/boot/autoconfigure/web/ErrorMvcAutoConfiguration$WhitelabelErrorViewConfiguration.class]] with [Root bean: class [null]; scope=; abstract=false; lazyInit=false; autowireMode=3; dependencyCheck=0; autowireCandidate=true; primary=false; factoryBeanName=org.springframework.boot.autoconfigure.web.WebMvcAutoConfiguration$WebMvcAutoConfigurationAdapter; factoryMethodName=beanNameViewResolver; initMethodName=null; destroyMethodName=(inferred); defined in class path resource [org/springframework/boot/autoconfigure/web/WebMvcAutoConfiguration$WebMvcAutoConfigurationAdapter.class]] 
00:55 [main] DEBUG o.s.w.c.s.StandardServletEnvironment - Adding [applicationConfig: [classpath:/application.properties]] PropertySource with search precedence immediately lower than [applicationConfigurationProperties] 
00:55 [main] DEBUG o.s.w.c.s.StandardServletEnvironment - Removing [applicationConfigurationProperties] PropertySource 
00:55 [main] DEBUG o.s.w.c.s.StandardServletEnvironment - Removing [defaultProperties] PropertySource 
00:55 [main] INFO  o.s.c.s.PostProcessorRegistrationDelegate$BeanPostProcessorChecker - Bean 'org.springframework.transaction.annotation.ProxyTransactionManagementConfiguration' of type [class org.springframework.transaction.annotation.ProxyTransactionManagementConfiguration$$EnhancerBySpringCGLIB$$505d659e] is not eligible for getting processed by all BeanPostProcessors (for example: not eligible for auto-proxying) 
00:55 [main] INFO  o.s.c.s.PostProcessorRegistrationDelegate$BeanPostProcessorChecker - Bean 'transactionAttributeSource' of type [class org.springframework.transaction.annotation.AnnotationTransactionAttributeSource] is not eligible for getting processed by all BeanPostProcessors (for example: not eligible for auto-proxying) 
00:55 [main] INFO  o.s.c.s.PostProcessorRegistrationDelegate$BeanPostProcessorChecker - Bean 'transactionInterceptor' of type [class org.springframework.transaction.interceptor.TransactionInterceptor] is not eligible for getting processed by all BeanPostProcessors (for example: not eligible for auto-proxying) 
00:55 [main] INFO  o.s.c.s.PostProcessorRegistrationDelegate$BeanPostProcessorChecker - Bean 'org.springframework.transaction.config.internalTransactionAdvisor' of type [class org.springframework.transaction.interceptor.BeanFactoryTransactionAttributeSourceAdvisor] is not eligible for getting processed by all BeanPostProcessors (for example: not eligible for auto-proxying) 
00:55 [main] INFO  o.s.b.c.e.t.TomcatEmbeddedServletContainer - Tomcat initialized with port(s): 8080 (http) 
00:55 [main] INFO  o.a.catalina.core.StandardService - Starting service Tomcat 
00:55 [main] INFO  o.a.catalina.core.StandardEngine - Starting Servlet Engine: Apache Tomcat/8.0.20 
00:55 [localhost-startStop-1] INFO  o.a.c.c.C.[Tomcat].[localhost].[/] - Initializing Spring embedded WebApplicationContext 
00:55 [localhost-startStop-1] DEBUG o.s.web.context.ContextLoader - Published root WebApplicationContext as ServletContext attribute with name [org.springframework.web.context.WebApplicationContext.ROOT] 
00:55 [localhost-startStop-1] INFO  o.s.web.context.ContextLoader - Root WebApplicationContext: initialization completed in 1939 ms 
00:55 [localhost-startStop-1] DEBUG o.s.w.c.s.StandardServletEnvironment - Adding [servletConfigInitParams] PropertySource with lowest search precedence 
00:55 [localhost-startStop-1] DEBUG o.s.w.c.s.StandardServletEnvironment - Adding [servletContextInitParams] PropertySource with lowest search precedence 
00:55 [localhost-startStop-1] DEBUG o.s.w.c.s.StandardServletEnvironment - Adding [systemProperties] PropertySource with lowest search precedence 
00:55 [localhost-startStop-1] DEBUG o.s.w.c.s.StandardServletEnvironment - Adding [systemEnvironment] PropertySource with lowest search precedence 
00:55 [localhost-startStop-1] DEBUG o.s.w.c.s.StandardServletEnvironment - Initialized StandardServletEnvironment with PropertySources [servletConfigInitParams,servletContextInitParams,systemProperties,systemEnvironment] 
00:55 [localhost-startStop-1] DEBUG o.s.w.c.s.StandardServletEnvironment - Adding [servletConfigInitParams] PropertySource with lowest search precedence 
00:55 [localhost-startStop-1] DEBUG o.s.w.c.s.StandardServletEnvironment - Adding [servletContextInitParams] PropertySource with lowest search precedence 
00:55 [localhost-startStop-1] DEBUG o.s.w.c.s.StandardServletEnvironment - Adding [systemProperties] PropertySource with lowest search precedence 
00:55 [localhost-startStop-1] DEBUG o.s.w.c.s.StandardServletEnvironment - Adding [systemEnvironment] PropertySource with lowest search precedence 
00:55 [localhost-startStop-1] DEBUG o.s.w.c.s.StandardServletEnvironment - Initialized StandardServletEnvironment with PropertySources [servletConfigInitParams,servletContextInitParams,systemProperties,systemEnvironment] 
00:55 [localhost-startStop-1] INFO  o.s.b.c.e.ServletRegistrationBean - Mapping servlet: 'dispatcherServlet' to [/] 
00:55 [localhost-startStop-1] INFO  o.s.b.c.e.FilterRegistrationBean - Mapping filter: 'characterEncodingFilter' to: [/*] 
00:55 [localhost-startStop-1] INFO  o.s.b.c.e.FilterRegistrationBean - Mapping filter: 'hiddenHttpMethodFilter' to: [/*] 
00:55 [localhost-startStop-1] DEBUG o.s.w.filter.HiddenHttpMethodFilter - Initializing filter 'hiddenHttpMethodFilter' 
00:55 [localhost-startStop-1] DEBUG o.s.w.filter.HiddenHttpMethodFilter - Filter 'hiddenHttpMethodFilter' configured successfully 
00:55 [main] DEBUG o.s.w.c.s.StandardServletEnvironment - Replacing [servletContextInitParams] PropertySource with [servletContextInitParams] 
00:55 [main] INFO  o.s.o.j.LocalContainerEntityManagerFactoryBean - Building JPA container EntityManagerFactory for persistence unit 'default' 
00:55 [main] INFO  o.h.jpa.internal.util.LogHelper - HHH000204: Processing PersistenceUnitInfo [
	name: default
	...] 
00:55 [main] INFO  org.hibernate.Version - HHH000412: Hibernate Core {4.3.8.Final} 
00:55 [main] INFO  org.hibernate.cfg.Environment - HHH000206: hibernate.properties not found 
00:55 [main] INFO  org.hibernate.cfg.Environment - HHH000021: Bytecode provider name : javassist 
00:55 [main] INFO  o.h.annotations.common.Version - HCANN000001: Hibernate Commons Annotations {4.0.5.Final} 
00:55 [main] INFO  org.hibernate.dialect.Dialect - HHH000400: Using dialect: org.hibernate.dialect.H2Dialect 
00:55 [main] WARN  org.hibernate.dialect.H2Dialect - HHH000431: Unable to determine H2 database version, certain features may not work 
00:55 [main] INFO  o.h.h.i.a.ASTQueryTranslatorFactory - HHH000397: Using ASTQueryTranslatorFactory 
00:55 [main] INFO  o.h.tool.hbm2ddl.SchemaExport - HHH000227: Running hbm2ddl schema export 
00:55 [main] INFO  o.h.tool.hbm2ddl.SchemaExport - HHH000230: Schema export complete 
00:55 [main] DEBUG c.c.s.p.ServerTaskExecutorService - Initializing PriorityBlocking Queue... 
00:55 [main] DEBUG c.c.s.p.ServerTaskExecutorService - Initializing ServerTask Consumer Thread with count = 5 
00:55 [main] DEBUG c.c.s.p.ServerTaskExecutorService - Initializing ServerTask Consumer Thread = 0 
00:55 [main] DEBUG c.c.s.p.ServerTaskExecutorService - Initializing ServerTask Consumer Thread = 1 
00:55 [main] DEBUG c.c.s.p.ServerTaskExecutorService - Initializing ServerTask Consumer Thread = 2 
00:55 [main] DEBUG c.c.s.p.ServerTaskExecutorService - Initializing ServerTask Consumer Thread = 3 
00:55 [main] DEBUG c.c.s.p.ServerTaskExecutorService - Initializing ServerTask Consumer Thread = 4 
00:55 [main] INFO  o.s.w.s.m.m.a.RequestMappingHandlerAdapter - Looking for @ControllerAdvice: org.springframework.boot.context.embedded.AnnotationConfigEmbeddedWebApplicationContext@7ea37dbf: startup date [Sat Jun 06 00:55:20 PDT 2015]; root of context hierarchy 
00:55 [Thread-3] DEBUG com.conch.TcpServerBootstrap - STARTED SERVER WAITING FOR CONNECTION 
00:55 [main] DEBUG o.s.w.s.m.m.a.RequestMappingHandlerMapping - Looking for request mappings in application context: org.springframework.boot.context.embedded.AnnotationConfigEmbeddedWebApplicationContext@7ea37dbf: startup date [Sat Jun 06 00:55:20 PDT 2015]; root of context hierarchy 
00:55 [main] INFO  o.s.w.s.m.m.a.RequestMappingHandlerMapping - Mapped "{[/error],methods=[],params=[],headers=[],consumes=[],produces=[],custom=[]}" onto public org.springframework.http.ResponseEntity<java.util.Map<java.lang.String, java.lang.Object>> org.springframework.boot.autoconfigure.web.BasicErrorController.error(javax.servlet.http.HttpServletRequest) 
00:55 [main] INFO  o.s.w.s.m.m.a.RequestMappingHandlerMapping - Mapped "{[/error],methods=[],params=[],headers=[],consumes=[],produces=[text/html],custom=[]}" onto public org.springframework.web.servlet.ModelAndView org.springframework.boot.autoconfigure.web.BasicErrorController.errorHtml(javax.servlet.http.HttpServletRequest) 
00:55 [main] DEBUG o.s.w.s.h.BeanNameUrlHandlerMapping - Looking for URL mappings in application context: org.springframework.boot.context.embedded.AnnotationConfigEmbeddedWebApplicationContext@7ea37dbf: startup date [Sat Jun 06 00:55:20 PDT 2015]; root of context hierarchy 
00:55 [main] DEBUG o.s.w.s.h.BeanNameUrlHandlerMapping - Rejected bean name 'org.springframework.context.annotation.internalConfigurationAnnotationProcessor': no URL paths identified 
00:55 [main] DEBUG o.s.w.s.h.BeanNameUrlHandlerMapping - Rejected bean name 'org.springframework.context.annotation.internalAutowiredAnnotationProcessor': no URL paths identified 
00:55 [main] DEBUG o.s.w.s.h.BeanNameUrlHandlerMapping - Rejected bean name 'org.springframework.context.annotation.internalRequiredAnnotationProcessor': no URL paths identified 
00:55 [main] DEBUG o.s.w.s.h.BeanNameUrlHandlerMapping - Rejected bean name 'org.springframework.context.annotation.internalCommonAnnotationProcessor': no URL paths identified 
00:55 [main] DEBUG o.s.w.s.h.BeanNameUrlHandlerMapping - Rejected bean name 'org.springframework.context.annotation.internalPersistenceAnnotationProcessor': no URL paths identified 
00:55 [main] DEBUG o.s.w.s.h.BeanNameUrlHandlerMapping - Rejected bean name 'conchServerApplication': no URL paths identified 
00:55 [main] DEBUG o.s.w.s.h.BeanNameUrlHandlerMapping - Rejected bean name 'org.springframework.context.annotation.ConfigurationClassPostProcessor.importAwareProcessor': no URL paths identified 
00:55 [main] DEBUG o.s.w.s.h.BeanNameUrlHandlerMapping - Rejected bean name 'org.springframework.context.annotation.ConfigurationClassPostProcessor.enhancedConfigurationProcessor': no URL paths identified 
00:55 [main] DEBUG o.s.w.s.h.BeanNameUrlHandlerMapping - Rejected bean name 'packetLengthDecodeHandler': no URL paths identified 
00:55 [main] DEBUG o.s.w.s.h.BeanNameUrlHandlerMapping - Rejected bean name 'requestPacketHandler': no URL paths identified 
00:55 [main] DEBUG o.s.w.s.h.BeanNameUrlHandlerMapping - Rejected bean name 'responsePacketHandler': no URL paths identified 
00:55 [main] DEBUG o.s.w.s.h.BeanNameUrlHandlerMapping - Rejected bean name 'mockDataService': no URL paths identified 
00:55 [main] DEBUG o.s.w.s.h.BeanNameUrlHandlerMapping - Rejected bean name 'requestHandlerConsumer': no URL paths identified 
00:55 [main] DEBUG o.s.w.s.h.BeanNameUrlHandlerMapping - Rejected bean name 'serverTaskExecutorService': no URL paths identified 
00:55 [main] DEBUG o.s.w.s.h.BeanNameUrlHandlerMapping - Rejected bean name 'clientSessionNumberService': no URL paths identified 
00:55 [main] DEBUG o.s.w.s.h.BeanNameUrlHandlerMapping - Rejected bean name 'playerManagerService': no URL paths identified 
00:55 [main] DEBUG o.s.w.s.h.BeanNameUrlHandlerMapping - Rejected bean name 'playerService': no URL paths identified 
00:55 [main] DEBUG o.s.w.s.h.BeanNameUrlHandlerMapping - Rejected bean name 'requestHandlerQueue': no URL paths identified 
00:55 [main] DEBUG o.s.w.s.h.BeanNameUrlHandlerMapping - Rejected bean name 'tcpServerBootstrap': no URL paths identified 
00:55 [main] DEBUG o.s.w.s.h.BeanNameUrlHandlerMapping - Rejected bean name 'org.springframework.boot.autoconfigure.AutoConfigurationPackages': no URL paths identified 
00:55 [main] DEBUG o.s.w.s.h.BeanNameUrlHandlerMapping - Rejected bean name 'org.springframework.boot.autoconfigure.PropertyPlaceholderAutoConfiguration': no URL paths identified 
00:55 [main] DEBUG o.s.w.s.h.BeanNameUrlHandlerMapping - Rejected bean name 'org.springframework.boot.autoconfigure.condition.BeanTypeRegistry': no URL paths identified 
00:55 [main] DEBUG o.s.w.s.h.BeanNameUrlHandlerMapping - Rejected bean name 'propertySourcesPlaceholderConfigurer': no URL paths identified 
00:55 [main] DEBUG o.s.w.s.h.BeanNameUrlHandlerMapping - Rejected bean name 'org.springframework.boot.autoconfigure.websocket.WebSocketAutoConfiguration$TomcatWebSocketConfiguration': no URL paths identified 
00:55 [main] DEBUG o.s.w.s.h.BeanNameUrlHandlerMapping - Rejected bean name 'websocketContainerCustomizer': no URL paths identified 
00:55 [main] DEBUG o.s.w.s.h.BeanNameUrlHandlerMapping - Rejected bean name 'org.springframework.boot.autoconfigure.websocket.WebSocketAutoConfiguration': no URL paths identified 
00:55 [main] DEBUG o.s.w.s.h.BeanNameUrlHandlerMapping - Rejected bean name 'org.springframework.boot.autoconfigure.web.EmbeddedServletContainerAutoConfiguration$EmbeddedTomcat': no URL paths identified 
00:55 [main] DEBUG o.s.w.s.h.BeanNameUrlHandlerMapping - Rejected bean name 'tomcatEmbeddedServletContainerFactory': no URL paths identified 
00:55 [main] DEBUG o.s.w.s.h.BeanNameUrlHandlerMapping - Rejected bean name 'org.springframework.boot.autoconfigure.web.EmbeddedServletContainerAutoConfiguration': no URL paths identified 
00:55 [main] DEBUG o.s.w.s.h.BeanNameUrlHandlerMapping - Rejected bean name 'embeddedServletContainerCustomizerBeanPostProcessor': no URL paths identified 
00:55 [main] DEBUG o.s.w.s.h.BeanNameUrlHandlerMapping - Rejected bean name 'org.springframework.boot.autoconfigure.web.DispatcherServletAutoConfiguration$DispatcherServletConfiguration': no URL paths identified 
00:55 [main] DEBUG o.s.w.s.h.BeanNameUrlHandlerMapping - Rejected bean name 'dispatcherServlet': no URL paths identified 
00:55 [main] DEBUG o.s.w.s.h.BeanNameUrlHandlerMapping - Rejected bean name 'dispatcherServletRegistration': no URL paths identified 
00:55 [main] DEBUG o.s.w.s.h.BeanNameUrlHandlerMapping - Rejected bean name 'org.springframework.boot.autoconfigure.web.DispatcherServletAutoConfiguration': no URL paths identified 
00:55 [main] DEBUG o.s.w.s.h.BeanNameUrlHandlerMapping - Rejected bean name 'org.springframework.boot.autoconfigure.web.ErrorMvcAutoConfiguration$WhitelabelErrorViewConfiguration': no URL paths identified 
00:55 [main] DEBUG o.s.w.s.h.BeanNameUrlHandlerMapping - Rejected bean name 'error': no URL paths identified 
00:55 [main] DEBUG o.s.w.s.h.BeanNameUrlHandlerMapping - Rejected bean name 'beanNameViewResolver': no URL paths identified 
00:55 [main] DEBUG o.s.w.s.h.BeanNameUrlHandlerMapping - Rejected bean name 'org.springframework.boot.autoconfigure.web.ErrorMvcAutoConfiguration': no URL paths identified 
00:55 [main] DEBUG o.s.w.s.h.BeanNameUrlHandlerMapping - Rejected bean name 'errorAttributes': no URL paths identified 
00:55 [main] DEBUG o.s.w.s.h.BeanNameUrlHandlerMapping - Rejected bean name 'basicErrorController': no URL paths identified 
00:55 [main] DEBUG o.s.w.s.h.BeanNameUrlHandlerMapping - Rejected bean name 'org.springframework.boot.autoconfigure.web.WebMvcAutoConfiguration$EnableWebMvcConfiguration': no URL paths identified 
00:55 [main] DEBUG o.s.w.s.h.BeanNameUrlHandlerMapping - Rejected bean name 'requestMappingHandlerAdapter': no URL paths identified 
00:55 [main] DEBUG o.s.w.s.h.BeanNameUrlHandlerMapping - Rejected bean name 'requestMappingHandlerMapping': no URL paths identified 
00:55 [main] DEBUG o.s.w.s.h.BeanNameUrlHandlerMapping - Rejected bean name 'mvcContentNegotiationManager': no URL paths identified 
00:55 [main] DEBUG o.s.w.s.h.BeanNameUrlHandlerMapping - Rejected bean name 'viewControllerHandlerMapping': no URL paths identified 
00:55 [main] DEBUG o.s.w.s.h.BeanNameUrlHandlerMapping - Rejected bean name 'beanNameHandlerMapping': no URL paths identified 
00:55 [main] DEBUG o.s.w.s.h.BeanNameUrlHandlerMapping - Rejected bean name 'resourceHandlerMapping': no URL paths identified 
00:55 [main] DEBUG o.s.w.s.h.BeanNameUrlHandlerMapping - Rejected bean name 'mvcResourceUrlProvider': no URL paths identified 
00:55 [main] DEBUG o.s.w.s.h.BeanNameUrlHandlerMapping - Rejected bean name 'defaultServletHandlerMapping': no URL paths identified 
00:55 [main] DEBUG o.s.w.s.h.BeanNameUrlHandlerMapping - Rejected bean name 'mvcConversionService': no URL paths identified 
00:55 [main] DEBUG o.s.w.s.h.BeanNameUrlHandlerMapping - Rejected bean name 'mvcValidator': no URL paths identified 
00:55 [main] DEBUG o.s.w.s.h.BeanNameUrlHandlerMapping - Rejected bean name 'mvcPathMatcher': no URL paths identified 
00:55 [main] DEBUG o.s.w.s.h.BeanNameUrlHandlerMapping - Rejected bean name 'mvcUrlPathHelper': no URL paths identified 
00:55 [main] DEBUG o.s.w.s.h.BeanNameUrlHandlerMapping - Rejected bean name 'mvcUriComponentsContributor': no URL paths identified 
00:55 [main] DEBUG o.s.w.s.h.BeanNameUrlHandlerMapping - Rejected bean name 'httpRequestHandlerAdapter': no URL paths identified 
00:55 [main] DEBUG o.s.w.s.h.BeanNameUrlHandlerMapping - Rejected bean name 'simpleControllerHandlerAdapter': no URL paths identified 
00:55 [main] DEBUG o.s.w.s.h.BeanNameUrlHandlerMapping - Rejected bean name 'handlerExceptionResolver': no URL paths identified 
00:55 [main] DEBUG o.s.w.s.h.BeanNameUrlHandlerMapping - Rejected bean name 'mvcViewResolver': no URL paths identified 
00:55 [main] DEBUG o.s.w.s.h.BeanNameUrlHandlerMapping - Rejected bean name 'org.springframework.boot.autoconfigure.web.WebMvcAutoConfiguration$WebMvcAutoConfigurationAdapter$FaviconConfiguration': no URL paths identified 
00:55 [main] DEBUG o.s.w.s.h.BeanNameUrlHandlerMapping - Rejected bean name 'faviconHandlerMapping': no URL paths identified 
00:55 [main] DEBUG o.s.w.s.h.BeanNameUrlHandlerMapping - Rejected bean name 'faviconRequestHandler': no URL paths identified 
00:55 [main] DEBUG o.s.w.s.h.BeanNameUrlHandlerMapping - Rejected bean name 'org.springframework.boot.autoconfigure.web.WebMvcAutoConfiguration$WebMvcAutoConfigurationAdapter': no URL paths identified 
00:55 [main] DEBUG o.s.w.s.h.BeanNameUrlHandlerMapping - Rejected bean name 'defaultViewResolver': no URL paths identified 
00:55 [main] DEBUG o.s.w.s.h.BeanNameUrlHandlerMapping - Rejected bean name 'requestContextListener': no URL paths identified 
00:55 [main] DEBUG o.s.w.s.h.BeanNameUrlHandlerMapping - Rejected bean name 'viewResolver': no URL paths identified 
00:55 [main] DEBUG o.s.w.s.h.BeanNameUrlHandlerMapping - Rejected bean name 'spring.mvc.CONFIGURATION_PROPERTIES': no URL paths identified 
00:55 [main] DEBUG o.s.w.s.h.BeanNameUrlHandlerMapping - Rejected bean name 'spring.resources.CONFIGURATION_PROPERTIES': no URL paths identified 
00:55 [main] DEBUG o.s.w.s.h.BeanNameUrlHandlerMapping - Rejected bean name 'org.springframework.boot.context.properties.ConfigurationPropertiesBindingPostProcessor': no URL paths identified 
00:55 [main] DEBUG o.s.w.s.h.BeanNameUrlHandlerMapping - Rejected bean name 'org.springframework.boot.context.properties.ConfigurationPropertiesBindingPostProcessor.store': no URL paths identified 
00:55 [main] DEBUG o.s.w.s.h.BeanNameUrlHandlerMapping - Rejected bean name 'org.springframework.boot.autoconfigure.web.WebMvcAutoConfiguration': no URL paths identified 
00:55 [main] DEBUG o.s.w.s.h.BeanNameUrlHandlerMapping - Rejected bean name 'hiddenHttpMethodFilter': no URL paths identified 
00:55 [main] DEBUG o.s.w.s.h.BeanNameUrlHandlerMapping - Rejected bean name 'org.springframework.boot.autoconfigure.aop.AopAutoConfiguration$JdkDynamicAutoProxyConfiguration': no URL paths identified 
00:55 [main] DEBUG o.s.w.s.h.BeanNameUrlHandlerMapping - Rejected bean name 'org.springframework.aop.config.internalAutoProxyCreator': no URL paths identified 
00:55 [main] DEBUG o.s.w.s.h.BeanNameUrlHandlerMapping - Rejected bean name 'org.springframework.boot.autoconfigure.aop.AopAutoConfiguration': no URL paths identified 
00:55 [main] DEBUG o.s.w.s.h.BeanNameUrlHandlerMapping - Rejected bean name 'org.springframework.boot.autoconfigure.jta.JtaAutoConfiguration': no URL paths identified 
00:55 [main] DEBUG o.s.w.s.h.BeanNameUrlHandlerMapping - Rejected bean name 'spring.jta.CONFIGURATION_PROPERTIES': no URL paths identified 
00:55 [main] DEBUG o.s.w.s.h.BeanNameUrlHandlerMapping - Rejected bean name 'org.springframework.boot.autoconfigure.jdbc.DataSourceAutoConfiguration$JdbcTemplateConfiguration': no URL paths identified 
00:55 [main] DEBUG o.s.w.s.h.BeanNameUrlHandlerMapping - Rejected bean name 'jdbcTemplate': no URL paths identified 
00:55 [main] DEBUG o.s.w.s.h.BeanNameUrlHandlerMapping - Rejected bean name 'namedParameterJdbcTemplate': no URL paths identified 
00:55 [main] DEBUG o.s.w.s.h.BeanNameUrlHandlerMapping - Rejected bean name 'org.springframework.boot.autoconfigure.jdbc.DataSourceAutoConfiguration$NonEmbeddedConfiguration': no URL paths identified 
00:55 [main] DEBUG o.s.w.s.h.BeanNameUrlHandlerMapping - Rejected bean name 'dataSource': no URL paths identified 
00:55 [main] DEBUG o.s.w.s.h.BeanNameUrlHandlerMapping - Rejected bean name 'org.springframework.boot.autoconfigure.jdbc.DataSourceAutoConfiguration$DataSourceInitializerConfiguration': no URL paths identified 
00:55 [main] DEBUG o.s.w.s.h.BeanNameUrlHandlerMapping - Rejected bean name 'dataSourceInitializer': no URL paths identified 
00:55 [main] DEBUG o.s.w.s.h.BeanNameUrlHandlerMapping - Rejected bean name 'org.springframework.boot.autoconfigure.jdbc.metadata.DataSourcePoolMetadataProvidersConfiguration$TomcatDataSourcePoolMetadataProviderConfiguration': no URL paths identified 
00:55 [main] DEBUG o.s.w.s.h.BeanNameUrlHandlerMapping - Rejected bean name 'tomcatPoolDataSourceMetadataProvider': no URL paths identified 
00:55 [main] DEBUG o.s.w.s.h.BeanNameUrlHandlerMapping - Rejected bean name 'org.springframework.boot.autoconfigure.jdbc.metadata.DataSourcePoolMetadataProvidersConfiguration': no URL paths identified 
00:55 [main] DEBUG o.s.w.s.h.BeanNameUrlHandlerMapping - Rejected bean name 'org.springframework.boot.autoconfigure.jdbc.DataSourceAutoConfiguration': no URL paths identified 
00:55 [main] DEBUG o.s.w.s.h.BeanNameUrlHandlerMapping - Rejected bean name 'spring.datasource.CONFIGURATION_PROPERTIES': no URL paths identified 
00:55 [main] DEBUG o.s.w.s.h.BeanNameUrlHandlerMapping - Rejected bean name 'dataSourceInitializerPostProcessor': no URL paths identified 
00:55 [main] DEBUG o.s.w.s.h.BeanNameUrlHandlerMapping - Rejected bean name 'org.springframework.boot.autoconfigure.orm.jpa.JpaBaseConfiguration$JpaWebConfiguration$JpaWebMvcConfiguration': no URL paths identified 
00:55 [main] DEBUG o.s.w.s.h.BeanNameUrlHandlerMapping - Rejected bean name 'openEntityManagerInViewInterceptor': no URL paths identified 
00:55 [main] DEBUG o.s.w.s.h.BeanNameUrlHandlerMapping - Rejected bean name 'org.springframework.boot.autoconfigure.orm.jpa.JpaBaseConfiguration$JpaWebConfiguration': no URL paths identified 
00:55 [main] DEBUG o.s.w.s.h.BeanNameUrlHandlerMapping - Rejected bean name 'org.springframework.boot.autoconfigure.orm.jpa.HibernateJpaAutoConfiguration': no URL paths identified 
00:55 [main] DEBUG o.s.w.s.h.BeanNameUrlHandlerMapping - Rejected bean name 'transactionManager': no URL paths identified 
00:55 [main] DEBUG o.s.w.s.h.BeanNameUrlHandlerMapping - Rejected bean name 'jpaVendorAdapter': no URL paths identified 
00:55 [main] DEBUG o.s.w.s.h.BeanNameUrlHandlerMapping - Rejected bean name 'entityManagerFactoryBuilder': no URL paths identified 
00:55 [main] DEBUG o.s.w.s.h.BeanNameUrlHandlerMapping - Rejected bean name 'entityManagerFactory': no URL paths identified 
00:55 [main] DEBUG o.s.w.s.h.BeanNameUrlHandlerMapping - Rejected bean name 'spring.jpa.CONFIGURATION_PROPERTIES': no URL paths identified 
00:55 [main] DEBUG o.s.w.s.h.BeanNameUrlHandlerMapping - Rejected bean name 'dataSourceInitializedPublisher': no URL paths identified 
00:55 [main] DEBUG o.s.w.s.h.BeanNameUrlHandlerMapping - Rejected bean name 'org.springframework.boot.autoconfigure.dao.PersistenceExceptionTranslationAutoConfiguration': no URL paths identified 
00:55 [main] DEBUG o.s.w.s.h.BeanNameUrlHandlerMapping - Rejected bean name 'persistenceExceptionTranslationPostProcessor': no URL paths identified 
00:55 [main] DEBUG o.s.w.s.h.BeanNameUrlHandlerMapping - Rejected bean name 'org.springframework.boot.autoconfigure.data.jpa.JpaRepositoriesAutoConfiguration': no URL paths identified 
00:55 [main] DEBUG o.s.w.s.h.BeanNameUrlHandlerMapping - Rejected bean name 'org.springframework.data.repository.core.support.RepositoryInterfaceAwareBeanPostProcessor': no URL paths identified 
00:55 [main] DEBUG o.s.w.s.h.BeanNameUrlHandlerMapping - Rejected bean name 'foo': no URL paths identified 
00:55 [main] DEBUG o.s.w.s.h.BeanNameUrlHandlerMapping - Rejected bean name 'jpaMappingContext': no URL paths identified 
00:55 [main] DEBUG o.s.w.s.h.BeanNameUrlHandlerMapping - Rejected bean name 'playerDao': no URL paths identified 
00:55 [main] DEBUG o.s.w.s.h.BeanNameUrlHandlerMapping - Rejected bean name 'championDao': no URL paths identified 
00:55 [main] DEBUG o.s.w.s.h.BeanNameUrlHandlerMapping - Rejected bean name 'org.springframework.boot.autoconfigure.jackson.JacksonAutoConfiguration$JacksonObjectMapperBuilderConfiguration': no URL paths identified 
00:55 [main] DEBUG o.s.w.s.h.BeanNameUrlHandlerMapping - Rejected bean name 'jacksonObjectMapperBuilder': no URL paths identified 
00:55 [main] DEBUG o.s.w.s.h.BeanNameUrlHandlerMapping - Rejected bean name 'http.mappers.CONFIGURATION_PROPERTIES': no URL paths identified 
00:55 [main] DEBUG o.s.w.s.h.BeanNameUrlHandlerMapping - Rejected bean name 'spring.jackson.CONFIGURATION_PROPERTIES': no URL paths identified 
00:55 [main] DEBUG o.s.w.s.h.BeanNameUrlHandlerMapping - Rejected bean name 'org.springframework.boot.autoconfigure.jackson.JacksonAutoConfiguration$JacksonObjectMapperConfiguration': no URL paths identified 
00:55 [main] DEBUG o.s.w.s.h.BeanNameUrlHandlerMapping - Rejected bean name 'jacksonObjectMapper': no URL paths identified 
00:55 [main] DEBUG o.s.w.s.h.BeanNameUrlHandlerMapping - Rejected bean name 'org.springframework.boot.autoconfigure.jackson.JacksonAutoConfiguration': no URL paths identified 
00:55 [main] DEBUG o.s.w.s.h.BeanNameUrlHandlerMapping - Rejected bean name 'org.springframework.boot.autoconfigure.web.HttpMessageConvertersAutoConfiguration$StringHttpMessageConverterConfiguration': no URL paths identified 
00:55 [main] DEBUG o.s.w.s.h.BeanNameUrlHandlerMapping - Rejected bean name 'stringHttpMessageConverter': no URL paths identified 
00:55 [main] DEBUG o.s.w.s.h.BeanNameUrlHandlerMapping - Rejected bean name 'spring.http.encoding.CONFIGURATION_PROPERTIES': no URL paths identified 
00:55 [main] DEBUG o.s.w.s.h.BeanNameUrlHandlerMapping - Rejected bean name 'org.springframework.boot.autoconfigure.web.JacksonHttpMessageConvertersConfiguration$MappingJackson2HttpMessageConverterConfiguration': no URL paths identified 
00:55 [main] DEBUG o.s.w.s.h.BeanNameUrlHandlerMapping - Rejected bean name 'mappingJackson2HttpMessageConverter': no URL paths identified 
00:55 [main] DEBUG o.s.w.s.h.BeanNameUrlHandlerMapping - Rejected bean name 'org.springframework.boot.autoconfigure.web.JacksonHttpMessageConvertersConfiguration': no URL paths identified 
00:55 [main] DEBUG o.s.w.s.h.BeanNameUrlHandlerMapping - Rejected bean name 'org.springframework.boot.autoconfigure.web.GsonHttpMessageConvertersConfiguration': no URL paths identified 
00:55 [main] DEBUG o.s.w.s.h.BeanNameUrlHandlerMapping - Rejected bean name 'org.springframework.boot.autoconfigure.web.HttpMessageConvertersAutoConfiguration': no URL paths identified 
00:55 [main] DEBUG o.s.w.s.h.BeanNameUrlHandlerMapping - Rejected bean name 'messageConverters': no URL paths identified 
00:55 [main] DEBUG o.s.w.s.h.BeanNameUrlHandlerMapping - Rejected bean name 'org.springframework.data.web.config.SpringDataWebConfiguration': no URL paths identified 
00:55 [main] DEBUG o.s.w.s.h.BeanNameUrlHandlerMapping - Rejected bean name 'pageableResolver': no URL paths identified 
00:55 [main] DEBUG o.s.w.s.h.BeanNameUrlHandlerMapping - Rejected bean name 'sortResolver': no URL paths identified 
00:55 [main] DEBUG o.s.w.s.h.BeanNameUrlHandlerMapping - Rejected bean name 'org.springframework.data.web.config.SpringDataJacksonConfiguration': no URL paths identified 
00:55 [main] DEBUG o.s.w.s.h.BeanNameUrlHandlerMapping - Rejected bean name 'jacksonGeoModule': no URL paths identified 
00:55 [main] DEBUG o.s.w.s.h.BeanNameUrlHandlerMapping - Rejected bean name 'org.springframework.boot.autoconfigure.data.web.SpringDataWebAutoConfiguration': no URL paths identified 
00:55 [main] DEBUG o.s.w.s.h.BeanNameUrlHandlerMapping - Rejected bean name 'org.springframework.boot.autoconfigure.jmx.JmxAutoConfiguration': no URL paths identified 
00:55 [main] DEBUG o.s.w.s.h.BeanNameUrlHandlerMapping - Rejected bean name 'mbeanExporter': no URL paths identified 
00:55 [main] DEBUG o.s.w.s.h.BeanNameUrlHandlerMapping - Rejected bean name 'objectNamingStrategy': no URL paths identified 
00:55 [main] DEBUG o.s.w.s.h.BeanNameUrlHandlerMapping - Rejected bean name 'mbeanServer': no URL paths identified 
00:55 [main] DEBUG o.s.w.s.h.BeanNameUrlHandlerMapping - Rejected bean name 'org.springframework.transaction.annotation.ProxyTransactionManagementConfiguration': no URL paths identified 
00:55 [main] DEBUG o.s.w.s.h.BeanNameUrlHandlerMapping - Rejected bean name 'org.springframework.transaction.config.internalTransactionAdvisor': no URL paths identified 
00:55 [main] DEBUG o.s.w.s.h.BeanNameUrlHandlerMapping - Rejected bean name 'transactionAttributeSource': no URL paths identified 
00:55 [main] DEBUG o.s.w.s.h.BeanNameUrlHandlerMapping - Rejected bean name 'transactionInterceptor': no URL paths identified 
00:55 [main] DEBUG o.s.w.s.h.BeanNameUrlHandlerMapping - Rejected bean name 'org.springframework.boot.autoconfigure.jdbc.DataSourceTransactionManagerAutoConfiguration$TransactionManagementConfiguration': no URL paths identified 
00:55 [main] DEBUG o.s.w.s.h.BeanNameUrlHandlerMapping - Rejected bean name 'org.springframework.boot.autoconfigure.jdbc.DataSourceTransactionManagerAutoConfiguration': no URL paths identified 
00:55 [main] DEBUG o.s.w.s.h.BeanNameUrlHandlerMapping - Rejected bean name 'org.springframework.boot.autoconfigure.web.HttpEncodingAutoConfiguration': no URL paths identified 
00:55 [main] DEBUG o.s.w.s.h.BeanNameUrlHandlerMapping - Rejected bean name 'characterEncodingFilter': no URL paths identified 
00:55 [main] DEBUG o.s.w.s.h.BeanNameUrlHandlerMapping - Rejected bean name 'org.springframework.boot.autoconfigure.web.MultipartAutoConfiguration': no URL paths identified 
00:55 [main] DEBUG o.s.w.s.h.BeanNameUrlHandlerMapping - Rejected bean name 'multipartConfigElement': no URL paths identified 
00:55 [main] DEBUG o.s.w.s.h.BeanNameUrlHandlerMapping - Rejected bean name 'multipartResolver': no URL paths identified 
00:55 [main] DEBUG o.s.w.s.h.BeanNameUrlHandlerMapping - Rejected bean name 'multipart.CONFIGURATION_PROPERTIES': no URL paths identified 
00:55 [main] DEBUG o.s.w.s.h.BeanNameUrlHandlerMapping - Rejected bean name 'org.springframework.boot.autoconfigure.web.ServerPropertiesAutoConfiguration': no URL paths identified 
00:55 [main] DEBUG o.s.w.s.h.BeanNameUrlHandlerMapping - Rejected bean name 'serverProperties': no URL paths identified 
00:55 [main] DEBUG o.s.w.s.h.BeanNameUrlHandlerMapping - Rejected bean name 'org.springframework.orm.jpa.SharedEntityManagerCreator#0': no URL paths identified 
00:55 [main] DEBUG o.s.w.s.h.BeanNameUrlHandlerMapping - Rejected bean name 'autoConfigurationReport': no URL paths identified 
00:55 [main] DEBUG o.s.w.s.h.BeanNameUrlHandlerMapping - Rejected bean name 'applicationEventMulticaster': no URL paths identified 
00:55 [main] DEBUG o.s.w.s.h.BeanNameUrlHandlerMapping - Rejected bean name 'environment': no URL paths identified 
00:55 [main] DEBUG o.s.w.s.h.BeanNameUrlHandlerMapping - Rejected bean name 'systemProperties': no URL paths identified 
00:55 [main] DEBUG o.s.w.s.h.BeanNameUrlHandlerMapping - Rejected bean name 'systemEnvironment': no URL paths identified 
00:55 [main] DEBUG o.s.w.s.h.BeanNameUrlHandlerMapping - Rejected bean name 'org.springframework.context.annotation.ConfigurationClassPostProcessor.importRegistry': no URL paths identified 
00:55 [main] DEBUG o.s.w.s.h.BeanNameUrlHandlerMapping - Rejected bean name 'messageSource': no URL paths identified 
00:55 [main] DEBUG o.s.w.s.h.BeanNameUrlHandlerMapping - Rejected bean name 'servletContext': no URL paths identified 
00:55 [main] DEBUG o.s.w.s.h.BeanNameUrlHandlerMapping - Rejected bean name 'contextParameters': no URL paths identified 
00:55 [main] DEBUG o.s.w.s.h.BeanNameUrlHandlerMapping - Rejected bean name 'contextAttributes': no URL paths identified 
00:55 [main] INFO  o.s.w.s.h.SimpleUrlHandlerMapping - Mapped URL path [/webjars/**] onto handler of type [class org.springframework.web.servlet.resource.ResourceHttpRequestHandler] 
00:55 [main] INFO  o.s.w.s.h.SimpleUrlHandlerMapping - Mapped URL path [/**] onto handler of type [class org.springframework.web.servlet.resource.ResourceHttpRequestHandler] 
00:55 [main] DEBUG o.s.w.s.m.m.a.ExceptionHandlerExceptionResolver - Looking for exception mappings: org.springframework.boot.context.embedded.AnnotationConfigEmbeddedWebApplicationContext@7ea37dbf: startup date [Sat Jun 06 00:55:20 PDT 2015]; root of context hierarchy 
00:55 [main] INFO  o.s.w.s.h.SimpleUrlHandlerMapping - Mapped URL path [/**/favicon.ico] onto handler of type [class org.springframework.web.servlet.resource.ResourceHttpRequestHandler] 
00:55 [main] INFO  o.s.j.e.a.AnnotationMBeanExporter - Registering beans for JMX exposure on startup 
00:55 [main] DEBUG o.s.w.s.r.ResourceUrlProvider - Looking for resource handler mappings 
00:55 [main] DEBUG o.s.w.s.r.ResourceUrlProvider - Found resource handler mapping: URL pattern="/**/favicon.ico", locations=[class path resource [META-INF/resources/], class path resource [resources/], class path resource [static/], class path resource [public/], class path resource []], resolvers=[org.springframework.web.servlet.resource.PathResourceResolver@42e4e589] 
00:55 [main] DEBUG o.s.w.s.r.ResourceUrlProvider - Found resource handler mapping: URL pattern="/webjars/**", locations=[class path resource [META-INF/resources/webjars/]], resolvers=[org.springframework.web.servlet.resource.PathResourceResolver@499ee966] 
00:55 [main] DEBUG o.s.w.s.r.ResourceUrlProvider - Found resource handler mapping: URL pattern="/**", locations=[ServletContext resource [/], class path resource [META-INF/resources/], class path resource [resources/], class path resource [static/], class path resource [public/]], resolvers=[org.springframework.web.servlet.resource.PathResourceResolver@76f2dad9] 
00:55 [main] INFO  o.s.b.c.e.t.TomcatEmbeddedServletContainer - Tomcat started on port(s): 8080 (http) 
00:55 [main] INFO  com.conch.ConchServerApplication - Started ConchServerApplication in 5.724 seconds (JVM running for 6.536) 
01:01 [http-nio-8080-exec-1] DEBUG o.s.web.servlet.DispatcherServlet - Initializing servlet 'dispatcherServlet' 
01:01 [http-nio-8080-exec-1] INFO  o.a.c.c.C.[Tomcat].[localhost].[/] - Initializing Spring FrameworkServlet 'dispatcherServlet' 
01:01 [http-nio-8080-exec-1] INFO  o.s.web.servlet.DispatcherServlet - FrameworkServlet 'dispatcherServlet': initialization started 
01:01 [http-nio-8080-exec-1] DEBUG o.s.web.servlet.DispatcherServlet - Using MultipartResolver [org.springframework.web.multipart.support.StandardServletMultipartResolver@616fdb79] 
01:01 [http-nio-8080-exec-1] DEBUG o.s.web.servlet.DispatcherServlet - Unable to locate LocaleResolver with name 'localeResolver': using default [org.springframework.web.servlet.i18n.AcceptHeaderLocaleResolver@601e5d57] 
01:01 [http-nio-8080-exec-1] DEBUG o.s.web.servlet.DispatcherServlet - Unable to locate ThemeResolver with name 'themeResolver': using default [org.springframework.web.servlet.theme.FixedThemeResolver@4d62bb65] 
01:01 [http-nio-8080-exec-1] DEBUG o.s.web.servlet.DispatcherServlet - Unable to locate RequestToViewNameTranslator with name 'viewNameTranslator': using default [org.springframework.web.servlet.view.DefaultRequestToViewNameTranslator@64b36977] 
01:01 [http-nio-8080-exec-1] DEBUG o.s.web.servlet.DispatcherServlet - Unable to locate FlashMapManager with name 'flashMapManager': using default [org.springframework.web.servlet.support.SessionFlashMapManager@2a6027f3] 
01:01 [http-nio-8080-exec-1] DEBUG o.s.web.servlet.DispatcherServlet - Published WebApplicationContext of servlet 'dispatcherServlet' as ServletContext attribute with name [org.springframework.web.servlet.FrameworkServlet.CONTEXT.dispatcherServlet] 
01:01 [http-nio-8080-exec-1] INFO  o.s.web.servlet.DispatcherServlet - FrameworkServlet 'dispatcherServlet': initialization completed in 28 ms 
01:01 [http-nio-8080-exec-1] DEBUG o.s.web.servlet.DispatcherServlet - Servlet 'dispatcherServlet' configured successfully 
01:01 [http-nio-8080-exec-1] DEBUG o.s.web.servlet.DispatcherServlet - DispatcherServlet with name 'dispatcherServlet' processing GET request for [/index.html] 
01:01 [http-nio-8080-exec-1] DEBUG o.s.w.s.m.m.a.RequestMappingHandlerMapping - Looking up handler method for path /index.html 
01:01 [http-nio-8080-exec-1] DEBUG o.s.w.s.m.m.a.RequestMappingHandlerMapping - Did not find handler method for [/index.html] 
01:01 [http-nio-8080-exec-1] DEBUG o.s.w.s.h.SimpleUrlHandlerMapping - Matching patterns for request [/index.html] are [/**] 
01:01 [http-nio-8080-exec-1] DEBUG o.s.w.s.h.SimpleUrlHandlerMapping - URI Template variables for request [/index.html] are {} 
01:01 [http-nio-8080-exec-1] DEBUG o.s.w.s.h.SimpleUrlHandlerMapping - Mapping [/index.html] to HandlerExecutionChain with handler [ResourceHttpRequestHandler [locations=[ServletContext resource [/], class path resource [META-INF/resources/], class path resource [resources/], class path resource [static/], class path resource [public/]], resolvers=[org.springframework.web.servlet.resource.PathResourceResolver@76f2dad9]]] and 1 interceptor 
01:01 [http-nio-8080-exec-1] DEBUG o.s.web.servlet.DispatcherServlet - Last-Modified value for [/index.html] is: -1 
01:01 [http-nio-8080-exec-1] DEBUG o.s.web.servlet.DispatcherServlet - Null ModelAndView returned to DispatcherServlet with name 'dispatcherServlet': assuming HandlerAdapter completed request handling 
01:01 [http-nio-8080-exec-1] DEBUG o.s.web.servlet.DispatcherServlet - Successfully completed request 
01:01 [http-nio-8080-exec-2] DEBUG o.s.web.servlet.DispatcherServlet - DispatcherServlet with name 'dispatcherServlet' processing GET request for [/favicon.ico] 
01:01 [http-nio-8080-exec-2] DEBUG o.s.w.s.h.SimpleUrlHandlerMapping - Matching patterns for request [/favicon.ico] are [/**/favicon.ico] 
01:01 [http-nio-8080-exec-2] DEBUG o.s.w.s.h.SimpleUrlHandlerMapping - URI Template variables for request [/favicon.ico] are {} 
01:01 [http-nio-8080-exec-2] DEBUG o.s.w.s.h.SimpleUrlHandlerMapping - Mapping [/favicon.ico] to HandlerExecutionChain with handler [ResourceHttpRequestHandler [locations=[class path resource [META-INF/resources/], class path resource [resources/], class path resource [static/], class path resource [public/], class path resource []], resolvers=[org.springframework.web.servlet.resource.PathResourceResolver@42e4e589]]] and 1 interceptor 
01:01 [http-nio-8080-exec-2] DEBUG o.s.web.servlet.DispatcherServlet - Last-Modified value for [/favicon.ico] is: -1 
01:01 [http-nio-8080-exec-2] DEBUG o.s.web.servlet.DispatcherServlet - Null ModelAndView returned to DispatcherServlet with name 'dispatcherServlet': assuming HandlerAdapter completed request handling 
01:01 [http-nio-8080-exec-2] DEBUG o.s.web.servlet.DispatcherServlet - Successfully completed request 
01:02 [http-nio-8080-exec-3] DEBUG o.s.web.servlet.DispatcherServlet - DispatcherServlet with name 'dispatcherServlet' processing GET request for [/index.html] 
01:02 [http-nio-8080-exec-3] DEBUG o.s.w.s.m.m.a.RequestMappingHandlerMapping - Looking up handler method for path /index.html 
01:02 [http-nio-8080-exec-3] DEBUG o.s.w.s.m.m.a.RequestMappingHandlerMapping - Did not find handler method for [/index.html] 
01:02 [http-nio-8080-exec-3] DEBUG o.s.w.s.h.SimpleUrlHandlerMapping - Matching patterns for request [/index.html] are [/**] 
01:02 [http-nio-8080-exec-3] DEBUG o.s.w.s.h.SimpleUrlHandlerMapping - URI Template variables for request [/index.html] are {} 
01:02 [http-nio-8080-exec-3] DEBUG o.s.w.s.h.SimpleUrlHandlerMapping - Mapping [/index.html] to HandlerExecutionChain with handler [ResourceHttpRequestHandler [locations=[ServletContext resource [/], class path resource [META-INF/resources/], class path resource [resources/], class path resource [static/], class path resource [public/]], resolvers=[org.springframework.web.servlet.resource.PathResourceResolver@76f2dad9]]] and 1 interceptor 
01:02 [http-nio-8080-exec-3] DEBUG o.s.web.servlet.DispatcherServlet - Last-Modified value for [/index.html] is: -1 
01:02 [http-nio-8080-exec-3] DEBUG o.s.web.servlet.DispatcherServlet - Null ModelAndView returned to DispatcherServlet with name 'dispatcherServlet': assuming HandlerAdapter completed request handling 
01:02 [http-nio-8080-exec-3] DEBUG o.s.web.servlet.DispatcherServlet - Successfully completed request 
01:02 [http-nio-8080-exec-4] DEBUG o.s.web.servlet.DispatcherServlet - DispatcherServlet with name 'dispatcherServlet' processing GET request for [/index.html] 
01:02 [http-nio-8080-exec-4] DEBUG o.s.w.s.m.m.a.RequestMappingHandlerMapping - Looking up handler method for path /index.html 
01:02 [http-nio-8080-exec-4] DEBUG o.s.w.s.m.m.a.RequestMappingHandlerMapping - Did not find handler method for [/index.html] 
01:02 [http-nio-8080-exec-4] DEBUG o.s.w.s.h.SimpleUrlHandlerMapping - Matching patterns for request [/index.html] are [/**] 
01:02 [http-nio-8080-exec-4] DEBUG o.s.w.s.h.SimpleUrlHandlerMapping - URI Template variables for request [/index.html] are {} 
01:02 [http-nio-8080-exec-4] DEBUG o.s.w.s.h.SimpleUrlHandlerMapping - Mapping [/index.html] to HandlerExecutionChain with handler [ResourceHttpRequestHandler [locations=[ServletContext resource [/], class path resource [META-INF/resources/], class path resource [resources/], class path resource [static/], class path resource [public/]], resolvers=[org.springframework.web.servlet.resource.PathResourceResolver@76f2dad9]]] and 1 interceptor 
01:02 [http-nio-8080-exec-4] DEBUG o.s.web.servlet.DispatcherServlet - Last-Modified value for [/index.html] is: -1 
01:02 [http-nio-8080-exec-4] DEBUG o.s.web.servlet.DispatcherServlet - Null ModelAndView returned to DispatcherServlet with name 'dispatcherServlet': assuming HandlerAdapter completed request handling 
01:02 [http-nio-8080-exec-4] DEBUG o.s.web.servlet.DispatcherServlet - Successfully completed request 
